d:\visual stdio\cameraortho\cameraortho\debug\vc142.pdb
d:\visual stdio\cameraortho\cameraortho\debug\vc142.idb
d:\visual stdio\cameraortho\cameraortho\debug\glad.obj
d:\visual stdio\cameraortho\cameraortho\debug\source.obj
d:\visual stdio\lista 3\cameraortho\cameraortho\debug\vc142.pdb
d:\visual stdio\lista 3\cameraortho\cameraortho\debug\vc142.idb
d:\visual stdio\lista 3\cameraortho\cameraortho\debug\glad.obj
d:\visual stdio\lista 3\cameraortho\cameraortho\debug\source.obj
d:\visual stdio\cameraortho\debug\cameraortho.exe
d:\visual stdio\cameraortho\debug\cameraortho.ilk
d:\visual stdio\cameraortho\debug\cameraortho.pdb
d:\visual stdio\lista 3\cameraortho\debug\cameraortho.exe
d:\visual stdio\lista 3\cameraortho\debug\cameraortho.ilk
d:\visual stdio\lista 3\cameraortho\debug\cameraortho.pdb
d:\visual stdio\lista 3 - copy\cameraortho\cameraortho\debug\glad.obj
d:\visual stdio\lista 3 - copy\cameraortho\cameraortho\debug\source.obj
d:\visual stdio\lista 3 - copy\cameraortho\cameraortho\debug\vc142.idb
d:\visual stdio\lista 3 - copy\cameraortho\cameraortho\debug\vc142.pdb
d:\visual stdio\lista 3 - copy\cameraortho\debug\cameraortho.pdb
d:\visual stdio\lista 3 - copy\cameraortho\debug\cameraortho.exe
d:\visual stdio\lista 3 - copy\cameraortho\debug\cameraortho.ilk
d:\visual stdio\lista 3 - copy\cameraortho\cameraortho\debug\cameraortho.tlog\cl.command.1.tlog
d:\visual stdio\lista 3 - copy\cameraortho\cameraortho\debug\cameraortho.tlog\cl.read.1.tlog
d:\visual stdio\lista 3 - copy\cameraortho\cameraortho\debug\cameraortho.tlog\cl.write.1.tlog
d:\visual stdio\lista 3 - copy\cameraortho\cameraortho\debug\cameraortho.tlog\link.command.1.tlog
d:\visual stdio\lista 3 - copy\cameraortho\cameraortho\debug\cameraortho.tlog\link.read.1.tlog
d:\visual stdio\lista 3 - copy\cameraortho\cameraortho\debug\cameraortho.tlog\link.write.1.tlog
